


ARM Macro Assembler    Page 1 


    1 00000000         ;****************** main.s ***************
    2 00000000         ; Program written by: put your names here
    3 00000000         ; Date Created: 1/24/2015 
    4 00000000         ; Last Modified: 1/24/2015 
    5 00000000         ; Section 1-2pm     TA: Wooseok Lee
    6 00000000         ; Lab number: 4
    7 00000000         ; Brief description of the program
    8 00000000         ;   If the switch is presses, the LED toggles at 8 Hz
    9 00000000         ; Hardware connections
   10 00000000         ;  PE0 is switch input  (1 means pressed, 0 means not pr
                       essed)
   11 00000000         ;  PE1 is LED output (1 activates external LED on protob
                       oard) 
   12 00000000         ;Overall functionality of this system is the similar to 
                       Lab 3, with four changes:
   13 00000000         ;1-  activate the PLL to run at 80 MHz (12.5ns bus cycle
                        time) 
   14 00000000         ;2-  initialize SysTick with RELOAD 0x00FFFFFF 
   15 00000000         ;3-  add a heartbeat to PF2 that toggles every time thro
                       ugh loop 
   16 00000000         ;4-  add debugging dump of input, output, and time
   17 00000000         ; Operation
   18 00000000         ; 1) Make PE1 an output and make PE0 an input. 
   19 00000000         ; 2) The system starts with the LED on (make PE1 =1). 
   20 00000000         ;   3) Wait about 62 ms
   21 00000000         ;   4) If the switch is pressed (PE0 is 1), then toggle 
                       the LED once, else turn the LED on. 
   22 00000000         ;   5) Steps 3 and 4 are repeated over and over
   23 00000000         
   24 00000000         
   25 00000000 40024004 
                       SWITCH  EQU              0x40024004  ;PE0
   26 00000000 40024008 
                       LED     EQU              0x40024008  ;PE1
   27 00000000 400FE608 
                       SYSCTL_RCGCGPIO_R
                               EQU              0x400FE608
   28 00000000 00000010 
                       SYSCTL_RCGC2_GPIOE
                               EQU              0x00000010  ; port E Clock Gati
                                                            ng Control
   29 00000000 00000020 
                       SYSCTL_RCGC2_GPIOF
                               EQU              0x00000020  ; port F Clock Gati
                                                            ng Control
   30 00000000 400243FC 
                       GPIO_PORTE_DATA_R
                               EQU              0x400243FC
   31 00000000 40024400 
                       GPIO_PORTE_DIR_R
                               EQU              0x40024400
   32 00000000 40024420 
                       GPIO_PORTE_AFSEL_R
                               EQU              0x40024420
   33 00000000 40024510 
                       GPIO_PORTE_PUR_R
                               EQU              0x40024510
   34 00000000 4002451C 
                       GPIO_PORTE_DEN_R



ARM Macro Assembler    Page 2 


                               EQU              0x4002451C
   35 00000000 400253FC 
                       GPIO_PORTF_DATA_R
                               EQU              0x400253FC
   36 00000000 40025400 
                       GPIO_PORTF_DIR_R
                               EQU              0x40025400
   37 00000000 40025420 
                       GPIO_PORTF_AFSEL_R
                               EQU              0x40025420
   38 00000000 4002551C 
                       GPIO_PORTF_DEN_R
                               EQU              0x4002551C
   39 00000000 E000E010 
                       NVIC_ST_CTRL_R
                               EQU              0xE000E010
   40 00000000 E000E014 
                       NVIC_ST_RELOAD_R
                               EQU              0xE000E014
   41 00000000 E000E018 
                       NVIC_ST_CURRENT_R
                               EQU              0xE000E018
   42 00000000 000F2300 
                       TIME_DELAY
                               EQU              0x000F2300
   43 00000000 FFFFFFFF 
                       large_num
                               EQU              0xFFFFFFFF
   44 00000000 00FFFFFF 
                       MATRIX_RELOADED
                               EQU              0x00FFFFFF
   45 00000000                 THUMB
   46 00000000                 AREA             DATA, ALIGN=4
   47 00000000 00000032 
                       SIZE    EQU              50
   48 00000000         ;You MUST use these two buffers and two variables
   49 00000000         ;You MUST not change their names
   50 00000000         ;These names MUST be exported
   51 00000000                 EXPORT           DataBuffer
   52 00000000                 EXPORT           TimeBuffer
   53 00000000                 EXPORT           DataPt [DATA,SIZE=4]
   54 00000000                 EXPORT           TimePt [DATA,SIZE=4]
   55 00000000 00 00 00 
              00 00 00 
              00 00 00 
              00 00 00 
              00 00 00 
              00 00 00 
              00 00 00 
              00 00 00 
              00 00 00 
              00 00 00 
              00 00 00 
              00 00 00 
              00 00 00 
              00 00 00 
              00 00 00 
              00 00 00 
              00 00 00 



ARM Macro Assembler    Page 3 


              00 00 00 
              00 00 00 
              00 00 00 
              00 00 00 
              00 00 00 
              00 00 00 
              00 00 00 
              00 00 00 
              00 00 00 
              00 00 00 
              00 00 00 
              00 00 00 
              00 00 00 
              00 00 00 
              00 00 00 
              00 00 00 
              00 00 00 
              00 00 00 
              00 00 00 
              00 00 00 
              00 00 00 
              00 00 00 
              00 00 00 
              00 00 00 
              00 00 00 
              00 00 00 
              00 00 00 
              00 00 00 
              00 00 00 
              00 00 00 
              00 00 00 
              00 00 00 
              00 00 00 
              00 00 00 
              00 00 00 
              00 00 00 
              00 00 00 
              00 00 00 
              00 00 00 
              00 00 00 
              00 00 00 
              00 00 00 
              00 00 00 
              00 00 00 
              00 00 00 
              00 00 00 
              00 00 00 
              00 00 00 
              00 00 00 
              00 00    DataBuffer
                               SPACE            SIZE*4
   56 000000C8 00 00 00 
              00 00 00 
              00 00 00 
              00 00 00 
              00 00 00 
              00 00 00 
              00 00 00 
              00 00 00 



ARM Macro Assembler    Page 4 


              00 00 00 
              00 00 00 
              00 00 00 
              00 00 00 
              00 00 00 
              00 00 00 
              00 00 00 
              00 00 00 
              00 00 00 
              00 00 00 
              00 00 00 
              00 00 00 
              00 00 00 
              00 00 00 
              00 00 00 
              00 00 00 
              00 00 00 
              00 00 00 
              00 00 00 
              00 00 00 
              00 00 00 
              00 00 00 
              00 00 00 
              00 00 00 
              00 00 00 
              00 00 00 
              00 00 00 
              00 00 00 
              00 00 00 
              00 00 00 
              00 00 00 
              00 00 00 
              00 00 00 
              00 00 00 
              00 00 00 
              00 00 00 
              00 00 00 
              00 00 00 
              00 00 00 
              00 00 00 
              00 00 00 
              00 00 00 
              00 00 00 
              00 00 00 
              00 00 00 
              00 00 00 
              00 00 00 
              00 00 00 
              00 00 00 
              00 00 00 
              00 00 00 
              00 00 00 
              00 00 00 
              00 00 00 
              00 00 00 
              00 00 00 
              00 00 00 
              00 00 00 
              00 00    TimeBuffer



ARM Macro Assembler    Page 5 


                               SPACE            SIZE*4
   57 00000190 00 00 00 
              00       DataPt  SPACE            4
   58 00000194 00 00 00 
              00       TimePt  SPACE            4
   59 00000198         
   60 00000198         
   61 00000198                 ALIGN
   62 00000198                 AREA             |.text|, CODE, READONLY, ALIGN=
2
   63 00000000                 THUMB
   64 00000000                 EXPORT           Start
   65 00000000                 IMPORT           TExaS_Init
   66 00000000         
   67 00000000         
   68 00000000 F7FF FFFE 
                       Start   BL               TExaS_Init  ; running at 80 MHz
                                                            , scope voltmeter o
                                                            n PD3
   69 00000004         ; initialize Port E
   70 00000004         ; initialize Port F
   71 00000004         ; initialize debugging dump, including SysTick
   72 00000004 F000 F874       BL               Port_Init   ;subroutine that in
                                                            itializes port E
   73 00000008         
   74 00000008 4951            LDR              R1, =GPIO_PORTE_DATA_R ;turn on
                                                             led via PE1
   75 0000000A 6808            LDR              R0, [R1]
   76 0000000C F040 0002       ORR              R0, R0, #0x02
   77 00000010 6008            STR              R0, [R1]
   78 00000012         
   79 00000012 F000 F81C       BL               Debug_Init
   80 00000016         
   81 00000016         
   82 00000016 B662            CPSIE            I           ; TExaS voltmeter, 
                                                            scope runs on inter
                                                            rupts
   83 00000018 F000 F842 
                       loop    BL               Debug_Capture
   84 0000001C         ;heartbeat
   85 0000001C         ; Delay
   86 0000001C         ;input PE0 test output PE1
   87 0000001C F000 F892       BL               Delay       ;go to delay subrou
                                                            tine
   88 00000020         
   89 00000020 494C            LDR              R1, =GPIO_PORTF_DATA_R ;the fol
                                                            lowing steps will t
                                                            urn off the LED via
                                                             PF1
   90 00000022 6808            LDR              R0, [R1]    ;THIS IS MY HEARTBE
                                                            AT
   91 00000024 F080 0004       EOR              R0, R0, #0x04 ;the exclusive or
                                                             will make the LED 
                                                            turn off/on since 1
                                                            EOR1 = 0 
   92 00000028 6008            STR              R0, [R1]
   93 0000002A         
   94 0000002A 4949            LDR              R1, =GPIO_PORTE_DATA_R ;the fol
                                                            lowing steps compar



ARM Macro Assembler    Page 6 


                                                            e PE0 to zero
   95 0000002C 6808            LDR              R0, [R1]
   96 0000002E F000 0201       AND              R2, R0, #0x01 ;mask data regist
                                                            er to obtain value 
                                                            of PE0
   97 00000032 2A01            CMP              R2, #0x01   ;compare PE0 to zer
                                                            o
   98 00000034 D105            BNE              TON         ;if not equal to ze
                                                            ro then go to TON (
                                                            turn on subroutine)
                                                            , this means switch
                                                             is not pressed 
   99 00000036         
  100 00000036 4946            LDR              R1, =GPIO_PORTE_DATA_R ;the fol
                                                            lowing steps will t
                                                            urn off the LED via
                                                             PE1
  101 00000038 6808            LDR              R0, [R1]
  102 0000003A F080 0002       EOR              R0, R0, #0x02 ;the exclusive or
                                                             will make the LED 
                                                            turn off since 1EOR
                                                            1 = 0 
  103 0000003E 6008            STR              R0, [R1]    ;store the PE1 modi
                                                            fication back to th
                                                            e data register
  104 00000040 E004            B                DONE
  105 00000042         
  106 00000042         TON                                  ;the section toggle
                                                            s led via PE1 bit b
                                                            eing flipped
  107 00000042 4943            LDR              R1, =GPIO_PORTE_DATA_R
  108 00000044 6808            LDR              R0, [R1]
  109 00000046 F040 0002       ORR              R0, #0x02
  110 0000004A 6008            STR              R0, [R1]
  111 0000004C         
  112 0000004C         DONE
  113 0000004C E7E4            B                loop
  114 0000004E         
  115 0000004E         
  116 0000004E         ;------------Debug_Init------------
  117 0000004E         ; Initializes the debugging instrument
  118 0000004E         ; Input: none
  119 0000004E         ; Output: none
  120 0000004E         ; Modifies: none
  121 0000004E         ; Note: push/pop an even number of registers so C compil
                       er is happy
  122 0000004E         Debug_Init
  123 0000004E E92D 0FFF       PUSH             {R0-R11}
  124 00000052 4A41            LDR              R2, =DataBuffer
  125 00000054 4B41            LDR              R3, =TimeBuffer
  126 00000056         
  127 00000056 4D42            LDR              R5, =DataPt
  128 00000058 602A            STR              R2, [R5]
  129 0000005A 4D42            LDR              R5, =TimePt
  130 0000005C 602B            STR              R3, [R5]
  131 0000005E         
  132 0000005E F04F 0400       MOV              R4, #0
  133 00000062 F04F 35FF       LDR              R5, =large_num
  134 00000066         



ARM Macro Assembler    Page 7 


  135 00000066         LOOPER
  136 00000066 6015            STR              R5, [R2]
  137 00000068 601D            STR              R5, [R3]
  138 0000006A F102 0204       ADD              R2, #0x04
  139 0000006E F103 0304       ADD              R3, #0x04
  140 00000072 F104 0401       ADD              R4, #0x01
  141 00000076 2C32            CMP              R4, #0x32
  142 00000078 D1F5            BNE              LOOPER
  143 0000007A         
  144 0000007A         ; init SysTick
  145 0000007A 483B            LDR              R0, =NVIC_ST_CTRL_R
  146 0000007C 6801            LDR              R1, [R0]
  147 0000007E F021 0101       BIC              R1, #0x01
  148 00000082 6001            STR              R1, [R0]
  149 00000084         
  150 00000084 4839            LDR              R0, =NVIC_ST_RELOAD_R
  151 00000086 493A            LDR              R1, =MATRIX_RELOADED
  152 00000088 6001            STR              R1, [R0]
  153 0000008A         
  154 0000008A 483A            LDR              R0, =NVIC_ST_CURRENT_R
  155 0000008C F04F 0100       MOV              R1, #0x00
  156 00000090 6001            STR              R1, [R0]
  157 00000092         
  158 00000092 4835            LDR              R0, =NVIC_ST_CTRL_R
  159 00000094 F04F 0105       MOV              R1, #0x05
  160 00000098 6001            STR              R1, [R0]
  161 0000009A         
  162 0000009A E8BD 0FFF       POP              {R0-R11}
  163 0000009E 4770            BX               LR
  164 000000A0         
  165 000000A0         ;------------Debug_Capture------------
  166 000000A0         ; Dump Port E and time into buffers
  167 000000A0         ; Input: none
  168 000000A0         ; Output: none
  169 000000A0         ; Modifies: none
  170 000000A0         ; Note: push/pop an even number of registers so C compil
                       er is happy
  171 000000A0         Debug_Capture
  172 000000A0 E92D 0FFF       PUSH             {R0-R11}
  173 000000A4 4F2E            LDR              R7, =DataPt
  174 000000A6 683B            LDR              R3, [R7]
  175 000000A8 F8DF 80B8       LDR              R8, =TimePt
  176 000000AC F8D8 4000       LDR              R4, [R8]
  177 000000B0 F04F 0032       MOV              R0, #50
  178 000000B4         
  179 000000B4 2800            CMP              R0, #0
  180 000000B6 D018            BEQ              Big_Bang
  181 000000B8 4925            LDR              R1, =GPIO_PORTE_DATA_R
  182 000000BA 680A            LDR              R2, [R1]
  183 000000BC F002 0901       AND              R9, R2, #0x01
  184 000000C0 F002 0A02       AND              R10, R2, #0x02
  185 000000C4 EA4F 1909       LSL              R9, #4
  186 000000C8 EA4F 0A5A       LSR              R10, #1
  187 000000CC EB09 020A       ADD              R2, R9, R10
  188 000000D0 601A            STR              R2, [R3]
  189 000000D2 4D28            LDR              R5, =NVIC_ST_CURRENT_R
  190 000000D4 682D            LDR              R5, [R5]
  191 000000D6 6025            STR              R5, [R4]
  192 000000D8 F110 30FF       ADDS             R0, #-1



ARM Macro Assembler    Page 8 


  193 000000DC F103 0304       ADD              R3, #4
  194 000000E0 603B            STR              R3, [R7]
  195 000000E2 F104 0404       ADD              R4, #4
  196 000000E6 F8C8 4000       STR              R4, [R8]
  197 000000EA         
  198 000000EA         Big_Bang
  199 000000EA E8BD 0FFF       POP              {R0-R11}
  200 000000EE 4770            BX               LR
  201 000000F0         
  202 000000F0         Port_Init
  203 000000F0 4921            LDR              R1, =SYSCTL_RCGCGPIO_R 
                                                            ;activate clock
  204 000000F2 6808            LDR              R0, [R1]
  205 000000F4 F040 0030       ORR              R0, R0, #0x0030
  206 000000F8 6008            STR              R0, [R1]
  207 000000FA         
  208 000000FA BF00            NOP
  209 000000FC BF00            NOP
  210 000000FE BF00            NOP
  211 00000100 BF00            NOP                          ;delay to allow tim
                                                            e for clock to acti
                                                            vate
  212 00000102         
  213 00000102 491E            LDR              R1, =GPIO_PORTE_DIR_R ;the subr
                                                            outine that turns o
                                                            n the led via PE0 
  214 00000104 6808            LDR              R0, [R1]
  215 00000106 F040 0002       ORR              R0, R0, #0x02
  216 0000010A F020 0001       BIC              R0, #0x01
  217 0000010E 6008            STR              R0, [R1]
  218 00000110         
  219 00000110 491B            LDR              R1, =GPIO_PORTE_AFSEL_R ;turn o
                                                            ff alternate functi
                                                            on for bits PE0 and
                                                             PE1
  220 00000112 6808            LDR              R0, [R1]
  221 00000114 F020 0003       BIC              R0, R0, #0x03
  222 00000118 6008            STR              R0, [R1]
  223 0000011A         
  224 0000011A 491A            LDR              R1, =GPIO_PORTE_DEN_R ;digital 
                                                            enable on PE0 and P
                                                            E1 bits 
  225 0000011C 6808            LDR              R0, [R1]
  226 0000011E F040 0003       ORR              R0, R0, #0x03
  227 00000122 6008            STR              R0, [R1]
  228 00000124         
  229 00000124 4918            LDR              R1, =GPIO_PORTF_DIR_R ;the subr
                                                            outine that turns o
                                                            n the led via PF2 
  230 00000126 6808            LDR              R0, [R1]
  231 00000128 F040 0004       ORR              R0, R0, #0x04
  232 0000012C 6008            STR              R0, [R1]
  233 0000012E         
  234 0000012E 4917            LDR              R1, =GPIO_PORTF_AFSEL_R ;turn o
                                                            ff alternate functi
                                                            on for bits PF2
  235 00000130 6808            LDR              R0, [R1]
  236 00000132 F020 0004       BIC              R0, R0, #0x04
  237 00000136 6008            STR              R0, [R1]



ARM Macro Assembler    Page 9 


  238 00000138         
  239 00000138 4915            LDR              R1, =GPIO_PORTF_DEN_R ;digital 
                                                            enable on PF2
  240 0000013A 6808            LDR              R0, [R1]
  241 0000013C F040 0004       ORR              R0, R0, #0x04
  242 00000140 6008            STR              R0, [R1]
  243 00000142         
  244 00000142 4770            BX               LR
  245 00000144         
  246 00000144         Delay
  247 00000144 4813            LDR              R0, =TIME_DELAY ;move the TIME_
                                                            DELAY into R0 
  248 00000146         Decrement
  249 00000146 F100 30FF       ADD              R0, R0, #-1 ;decrement by 1 
  250 0000014A 2800            CMP              R0, #0x00   ;compare to 0
  251 0000014C D1FB            BNE              Decrement   ;if not equal to ze
                                                            ro keep decrementin
                                                            g
  252 0000014E 4770            BX               LR
  253 00000150         
  254 00000150                 ALIGN                        ; make sure the end
                                                             of this section is
                                                             aligned
  255 00000150                 END                          ; end of file
              400243FC 
              400253FC 
              00000000 
              00000000 
              00000000 
              00000000 
              E000E010 
              E000E014 
              00FFFFFF 
              E000E018 
              400FE608 
              40024400 
              40024420 
              4002451C 
              40025400 
              40025420 
              4002551C 
              000F2300 
Command Line: --debug --xref --cpu=Cortex-M4 --apcs=interwork --depend=.\main.d
 -o.\main.o -IC:\Keil\ARM\RV31\INC -IC:\Keil\ARM\CMSIS\Include -IC:\Keil\ARM\In
c\Luminary --predefine="__EVAL SETA 1" --list=.\main.lst main.s



ARM Macro Assembler    Page 1 Alphabetic symbol ordering
Relocatable symbols

DATA 00000000

Symbol: DATA
   Definitions
      At line 46 in file main.s
   Uses
      None
Comment: DATA unused
DataBuffer 00000000

Symbol: DataBuffer
   Definitions
      At line 55 in file main.s
   Uses
      At line 51 in file main.s
      At line 124 in file main.s

DataPt 00000190

Symbol: DataPt
   Definitions
      At line 57 in file main.s
   Uses
      At line 53 in file main.s
      At line 127 in file main.s
      At line 173 in file main.s

TimeBuffer 000000C8

Symbol: TimeBuffer
   Definitions
      At line 56 in file main.s
   Uses
      At line 52 in file main.s
      At line 125 in file main.s

TimePt 00000194

Symbol: TimePt
   Definitions
      At line 58 in file main.s
   Uses
      At line 54 in file main.s
      At line 129 in file main.s
      At line 175 in file main.s

5 symbols



ARM Macro Assembler    Page 1 Alphabetic symbol ordering
Relocatable symbols

.text 00000000

Symbol: .text
   Definitions
      At line 62 in file main.s
   Uses
      None
Comment: .text unused
Big_Bang 000000EA

Symbol: Big_Bang
   Definitions
      At line 198 in file main.s
   Uses
      At line 180 in file main.s
Comment: Big_Bang used once
DONE 0000004C

Symbol: DONE
   Definitions
      At line 112 in file main.s
   Uses
      At line 104 in file main.s
Comment: DONE used once
Debug_Capture 000000A0

Symbol: Debug_Capture
   Definitions
      At line 171 in file main.s
   Uses
      At line 83 in file main.s
Comment: Debug_Capture used once
Debug_Init 0000004E

Symbol: Debug_Init
   Definitions
      At line 122 in file main.s
   Uses
      At line 79 in file main.s
Comment: Debug_Init used once
Decrement 00000146

Symbol: Decrement
   Definitions
      At line 248 in file main.s
   Uses
      At line 251 in file main.s
Comment: Decrement used once
Delay 00000144

Symbol: Delay
   Definitions
      At line 246 in file main.s
   Uses
      At line 87 in file main.s
Comment: Delay used once
LOOPER 00000066

Symbol: LOOPER



ARM Macro Assembler    Page 2 Alphabetic symbol ordering
Relocatable symbols

   Definitions
      At line 135 in file main.s
   Uses
      At line 142 in file main.s
Comment: LOOPER used once
Port_Init 000000F0

Symbol: Port_Init
   Definitions
      At line 202 in file main.s
   Uses
      At line 72 in file main.s
Comment: Port_Init used once
Start 00000000

Symbol: Start
   Definitions
      At line 68 in file main.s
   Uses
      At line 64 in file main.s
Comment: Start used once
TON 00000042

Symbol: TON
   Definitions
      At line 106 in file main.s
   Uses
      At line 98 in file main.s
Comment: TON used once
loop 00000018

Symbol: loop
   Definitions
      At line 83 in file main.s
   Uses
      At line 113 in file main.s
Comment: loop used once
12 symbols



ARM Macro Assembler    Page 1 Alphabetic symbol ordering
Absolute symbols

GPIO_PORTE_AFSEL_R 40024420

Symbol: GPIO_PORTE_AFSEL_R
   Definitions
      At line 32 in file main.s
   Uses
      At line 219 in file main.s
Comment: GPIO_PORTE_AFSEL_R used once
GPIO_PORTE_DATA_R 400243FC

Symbol: GPIO_PORTE_DATA_R
   Definitions
      At line 30 in file main.s
   Uses
      At line 74 in file main.s
      At line 94 in file main.s
      At line 100 in file main.s
      At line 107 in file main.s
      At line 181 in file main.s

GPIO_PORTE_DEN_R 4002451C

Symbol: GPIO_PORTE_DEN_R
   Definitions
      At line 34 in file main.s
   Uses
      At line 224 in file main.s
Comment: GPIO_PORTE_DEN_R used once
GPIO_PORTE_DIR_R 40024400

Symbol: GPIO_PORTE_DIR_R
   Definitions
      At line 31 in file main.s
   Uses
      At line 213 in file main.s
Comment: GPIO_PORTE_DIR_R used once
GPIO_PORTE_PUR_R 40024510

Symbol: GPIO_PORTE_PUR_R
   Definitions
      At line 33 in file main.s
   Uses
      None
Comment: GPIO_PORTE_PUR_R unused
GPIO_PORTF_AFSEL_R 40025420

Symbol: GPIO_PORTF_AFSEL_R
   Definitions
      At line 37 in file main.s
   Uses
      At line 234 in file main.s
Comment: GPIO_PORTF_AFSEL_R used once
GPIO_PORTF_DATA_R 400253FC

Symbol: GPIO_PORTF_DATA_R
   Definitions
      At line 35 in file main.s
   Uses
      At line 89 in file main.s



ARM Macro Assembler    Page 2 Alphabetic symbol ordering
Absolute symbols

Comment: GPIO_PORTF_DATA_R used once
GPIO_PORTF_DEN_R 4002551C

Symbol: GPIO_PORTF_DEN_R
   Definitions
      At line 38 in file main.s
   Uses
      At line 239 in file main.s
Comment: GPIO_PORTF_DEN_R used once
GPIO_PORTF_DIR_R 40025400

Symbol: GPIO_PORTF_DIR_R
   Definitions
      At line 36 in file main.s
   Uses
      At line 229 in file main.s
Comment: GPIO_PORTF_DIR_R used once
LED 40024008

Symbol: LED
   Definitions
      At line 26 in file main.s
   Uses
      None
Comment: LED unused
MATRIX_RELOADED 00FFFFFF

Symbol: MATRIX_RELOADED
   Definitions
      At line 44 in file main.s
   Uses
      At line 151 in file main.s
Comment: MATRIX_RELOADED used once
NVIC_ST_CTRL_R E000E010

Symbol: NVIC_ST_CTRL_R
   Definitions
      At line 39 in file main.s
   Uses
      At line 145 in file main.s
      At line 158 in file main.s

NVIC_ST_CURRENT_R E000E018

Symbol: NVIC_ST_CURRENT_R
   Definitions
      At line 41 in file main.s
   Uses
      At line 154 in file main.s
      At line 189 in file main.s

NVIC_ST_RELOAD_R E000E014

Symbol: NVIC_ST_RELOAD_R
   Definitions
      At line 40 in file main.s
   Uses
      At line 150 in file main.s
Comment: NVIC_ST_RELOAD_R used once



ARM Macro Assembler    Page 3 Alphabetic symbol ordering
Absolute symbols

SIZE 00000032

Symbol: SIZE
   Definitions
      At line 47 in file main.s
   Uses
      At line 55 in file main.s
      At line 56 in file main.s

SWITCH 40024004

Symbol: SWITCH
   Definitions
      At line 25 in file main.s
   Uses
      None
Comment: SWITCH unused
SYSCTL_RCGC2_GPIOE 00000010

Symbol: SYSCTL_RCGC2_GPIOE
   Definitions
      At line 28 in file main.s
   Uses
      None
Comment: SYSCTL_RCGC2_GPIOE unused
SYSCTL_RCGC2_GPIOF 00000020

Symbol: SYSCTL_RCGC2_GPIOF
   Definitions
      At line 29 in file main.s
   Uses
      None
Comment: SYSCTL_RCGC2_GPIOF unused
SYSCTL_RCGCGPIO_R 400FE608

Symbol: SYSCTL_RCGCGPIO_R
   Definitions
      At line 27 in file main.s
   Uses
      At line 203 in file main.s
Comment: SYSCTL_RCGCGPIO_R used once
TIME_DELAY 000F2300

Symbol: TIME_DELAY
   Definitions
      At line 42 in file main.s
   Uses
      At line 247 in file main.s
Comment: TIME_DELAY used once
large_num FFFFFFFF

Symbol: large_num
   Definitions
      At line 43 in file main.s
   Uses
      At line 133 in file main.s
Comment: large_num used once
21 symbols



ARM Macro Assembler    Page 1 Alphabetic symbol ordering
External symbols

TExaS_Init 00000000

Symbol: TExaS_Init
   Definitions
      At line 65 in file main.s
   Uses
      At line 68 in file main.s
Comment: TExaS_Init used once
1 symbol
372 symbols in table
