


ARM Macro Assembler    Page 1 


    1 00000000         ;****************** main.s ***************
    2 00000000         ; Program written by: put your names here
    3 00000000         ; Date Created: 1/24/2015 
    4 00000000         ; Last Modified: 1/24/2015 
    5 00000000         ; Section 1-2pm     TA: Saugata Bhattacharyya
    6 00000000         ; Lab number: 2
    7 00000000         ; Brief description of the program
    8 00000000         ; The overall objective of this system is a digital lock
                       
    9 00000000         ; Hardware connections
   10 00000000         ;  PF4 is switch input  (1 means SW1 is not pressed, 0 m
                       eans SW1 is pressed)
   11 00000000         ;  PF2 is LED output (1 activates blue LED) 
   12 00000000         ; The specific operation of this system 
   13 00000000         ;    1) Make PF2 an output and make PF4 an input (enable
                        PUR for PF4). 
   14 00000000         ;    2) The system starts with the LED ON (make PF2 =1).
                        
   15 00000000         ;    3) Delay for about 1 ms
   16 00000000         ;    4) If the switch is pressed (PF4 is 0), then toggle
                        the LED once, else turn the LED ON. 
   17 00000000         ;    5) Repeat steps 3 and 4 over and over
   18 00000000         
   19 00000000 400253FC 
                       GPIO_PORTF_DATA_R
                               EQU              0x400253FC
   20 00000000 40025400 
                       GPIO_PORTF_DIR_R
                               EQU              0x40025400
   21 00000000 40025420 
                       GPIO_PORTF_AFSEL_R
                               EQU              0x40025420
   22 00000000 40025510 
                       GPIO_PORTF_PUR_R
                               EQU              0x40025510
   23 00000000 4002551C 
                       GPIO_PORTF_DEN_R
                               EQU              0x4002551C
   24 00000000 40025528 
                       GPIO_PORTF_AMSEL_R
                               EQU              0x40025528
   25 00000000 4002552C 
                       GPIO_PORTF_PCTL_R
                               EQU              0x4002552C
   26 00000000 400FE608 
                       SYSCTL_RCGCGPIO_R
                               EQU              0x400FE608
   27 00000000         
   28 00000000                 AREA             |.text|, CODE, READONLY, ALIGN=
2
   29 00000000                 THUMB
   30 00000000                 EXPORT           Start
   31 00000000         Start
   32 00000000 F000 F819       BL               PortF_Init
   33 00000004 491F            LDR              R1, =GPIO_PORTF_DATA_R
   34 00000006 6808            LDR              R0, [R1]
   35 00000008 F040 0004       ORR              R0, R0, #0x04
   36 0000000C 6008            STR              R0, [R1]
   37 0000000E         



ARM Macro Assembler    Page 2 


   38 0000000E         loop
   39 0000000E F000 F832       BL               Delay
   40 00000012         
   41 00000012 491C            LDR              R1, =GPIO_PORTF_DATA_R
   42 00000014 6808            LDR              R0, [R1]
   43 00000016 F000 0210       AND              R2, R0, #0x10
   44 0000001A 2A00            CMP              R2, #0x00
   45 0000001C D105            BNE              TON
   46 0000001E         
   47 0000001E 4919            LDR              R1, =GPIO_PORTF_DATA_R
   48 00000020 6808            LDR              R0, [R1]
   49 00000022 F080 0004       EOR              R0, R0, #0x04
   50 00000026 6008            STR              R0, [R1]
   51 00000028 E004            B                DONE
   52 0000002A         
   53 0000002A         TON
   54 0000002A 4916            LDR              R1, =GPIO_PORTF_DATA_R
   55 0000002C 6808            LDR              R0, [R1]
   56 0000002E F040 0004       ORR              R0, #0X04
   57 00000032 6008            STR              R0, [R1]
   58 00000034         
   59 00000034         DONE
   60 00000034 E7EB            B                loop
   61 00000036         
   62 00000036         PortF_Init
   63 00000036 4914            LDR              R1, =SYSCTL_RCGCGPIO_R
   64 00000038 6808            LDR              R0, [R1]
   65 0000003A F040 0020       ORR              R0, R0, #0x0020
   66 0000003E 6008            STR              R0, [R1]
   67 00000040         
   68 00000040 BF00            NOP
   69 00000042 BF00            NOP
   70 00000044 BF00            NOP
   71 00000046 BF00            NOP
   72 00000048         
   73 00000048 4910            LDR              R1, =GPIO_PORTF_DIR_R
   74 0000004A 6808            LDR              R0, [R1]
   75 0000004C F040 0004       ORR              R0, R0, #0x04
   76 00000050 F020 0010       BIC              R0, #0x10
   77 00000054 6008            STR              R0, [R1]
   78 00000056         
   79 00000056 490E            LDR              R1, =GPIO_PORTF_AFSEL_R
   80 00000058 6808            LDR              R0, [R1]
   81 0000005A F020 0014       BIC              R0, R0, #0x14
   82 0000005E 6008            STR              R0, [R1]
   83 00000060         
   84 00000060 490C            LDR              R1, =GPIO_PORTF_DEN_R
   85 00000062 6808            LDR              R0, [R1]
   86 00000064 F040 0014       ORR              R0, R0, #0x14
   87 00000068 6008            STR              R0, [R1]
   88 0000006A         
   89 0000006A 490B            LDR              R1, =GPIO_PORTF_PUR_R
   90 0000006C 6808            LDR              R0, [R1]
   91 0000006E F040 0010       ORR              R0, R0, #0x10
   92 00000072 6008            STR              R0, [R1]
   93 00000074         
   94 00000074 4770            BX               LR
   95 00000076         
   96 00000076         Delay



ARM Macro Assembler    Page 3 


   97 00000076 F44F 6048       MOV              R0, #0xC80
   98 0000007A         Decrement
   99 0000007A F100 30FF       ADD              R0, R0, #-1
  100 0000007E 2800            CMP              R0, #0x00
  101 00000080 D1FB            BNE              Decrement
  102 00000082 4770            BX               LR
  103 00000084         
  104 00000084                 ALIGN                        ; make sure the end
                                                             of this section is
                                                             aligned
  105 00000084                 END                          ; end of file
              400253FC 
              400FE608 
              40025400 
              40025420 
              4002551C 
              40025510 
Command Line: --debug --xref --cpu=Cortex-M4 --apcs=interwork --depend=.\main.d
 -o.\main.o -IC:\Keil\ARM\RV31\INC -IC:\Keil\ARM\CMSIS\Include -IC:\Keil\ARM\In
c\Luminary --predefine="__EVAL SETA 1" --list=.\main.lst main.s



ARM Macro Assembler    Page 1 Alphabetic symbol ordering
Relocatable symbols

.text 00000000

Symbol: .text
   Definitions
      At line 28 in file main.s
   Uses
      None
Comment: .text unused
DONE 00000034

Symbol: DONE
   Definitions
      At line 59 in file main.s
   Uses
      At line 51 in file main.s
Comment: DONE used once
Decrement 0000007A

Symbol: Decrement
   Definitions
      At line 98 in file main.s
   Uses
      At line 101 in file main.s
Comment: Decrement used once
Delay 00000076

Symbol: Delay
   Definitions
      At line 96 in file main.s
   Uses
      At line 39 in file main.s
Comment: Delay used once
PortF_Init 00000036

Symbol: PortF_Init
   Definitions
      At line 62 in file main.s
   Uses
      At line 32 in file main.s
Comment: PortF_Init used once
Start 00000000

Symbol: Start
   Definitions
      At line 31 in file main.s
   Uses
      At line 30 in file main.s
Comment: Start used once
TON 0000002A

Symbol: TON
   Definitions
      At line 53 in file main.s
   Uses
      At line 45 in file main.s
Comment: TON used once
loop 0000000E

Symbol: loop



ARM Macro Assembler    Page 2 Alphabetic symbol ordering
Relocatable symbols

   Definitions
      At line 38 in file main.s
   Uses
      At line 60 in file main.s
Comment: loop used once
8 symbols



ARM Macro Assembler    Page 1 Alphabetic symbol ordering
Absolute symbols

GPIO_PORTF_AFSEL_R 40025420

Symbol: GPIO_PORTF_AFSEL_R
   Definitions
      At line 21 in file main.s
   Uses
      At line 79 in file main.s
Comment: GPIO_PORTF_AFSEL_R used once
GPIO_PORTF_AMSEL_R 40025528

Symbol: GPIO_PORTF_AMSEL_R
   Definitions
      At line 24 in file main.s
   Uses
      None
Comment: GPIO_PORTF_AMSEL_R unused
GPIO_PORTF_DATA_R 400253FC

Symbol: GPIO_PORTF_DATA_R
   Definitions
      At line 19 in file main.s
   Uses
      At line 33 in file main.s
      At line 41 in file main.s
      At line 47 in file main.s
      At line 54 in file main.s

GPIO_PORTF_DEN_R 4002551C

Symbol: GPIO_PORTF_DEN_R
   Definitions
      At line 23 in file main.s
   Uses
      At line 84 in file main.s
Comment: GPIO_PORTF_DEN_R used once
GPIO_PORTF_DIR_R 40025400

Symbol: GPIO_PORTF_DIR_R
   Definitions
      At line 20 in file main.s
   Uses
      At line 73 in file main.s
Comment: GPIO_PORTF_DIR_R used once
GPIO_PORTF_PCTL_R 4002552C

Symbol: GPIO_PORTF_PCTL_R
   Definitions
      At line 25 in file main.s
   Uses
      None
Comment: GPIO_PORTF_PCTL_R unused
GPIO_PORTF_PUR_R 40025510

Symbol: GPIO_PORTF_PUR_R
   Definitions
      At line 22 in file main.s
   Uses
      At line 89 in file main.s
Comment: GPIO_PORTF_PUR_R used once



ARM Macro Assembler    Page 2 Alphabetic symbol ordering
Absolute symbols

SYSCTL_RCGCGPIO_R 400FE608

Symbol: SYSCTL_RCGCGPIO_R
   Definitions
      At line 26 in file main.s
   Uses
      At line 63 in file main.s
Comment: SYSCTL_RCGCGPIO_R used once
8 symbols
349 symbols in table
