


ARM Macro Assembler    Page 1 


    1 00000000         ;****************** main.s ***************
    2 00000000         ; Program written by: Ali Ziyaan Momin, Zain Modi
    3 00000000         ; Date Created: 9/8/2015 
    4 00000000         ; Last Modified: 9/8/2015 
    5 00000000         ; Section 1-2pm     TA: Jenny Chen
    6 00000000         ; Lab number: 1
    7 00000000         ; Brief description of the program
    8 00000000         ; The overall objective of this system is a digital lock
                       
    9 00000000         ; Hardware connections
   10 00000000         ;  PE3 is switch input  (1 means switch is not pressed, 
                       0 means switch is pressed)
   11 00000000         ;  PE4 is switch input  (1 means switch is not pressed, 
                       0 means switch is pressed)
   12 00000000         ;  PE2 is LED output (0 means door is locked, 1 means do
                       or is unlocked) 
   13 00000000         ; The specific operation of this system is to 
   14 00000000         ;   unlock if both switches are pressed
   15 00000000         
   16 00000000 400243FC 
                       GPIO_PORTE_DATA_R
                               EQU              0x400243FC
   17 00000000 40024400 
                       GPIO_PORTE_DIR_R
                               EQU              0x40024400
   18 00000000 40024420 
                       GPIO_PORTE_AFSEL_R
                               EQU              0x40024420
   19 00000000 4002451C 
                       GPIO_PORTE_DEN_R
                               EQU              0x4002451C
   20 00000000 40024528 
                       GPIO_PORTE_AMSEL_R
                               EQU              0x40024528
   21 00000000 4002452C 
                       GPIO_PORTE_PCTL_R
                               EQU              0x4002452C
   22 00000000 400FE608 
                       SYSCTL_RCGCGPIO_R
                               EQU              0x400FE608
   23 00000000         
   24 00000000                 AREA             |.text|, CODE, READONLY, ALIGN=
2
   25 00000000                 THUMB
   26 00000000                 EXPORT           Start
   27 00000000         Start
   28 00000000 F000 F812       BL               PortE_Init  ;initialize port E 
                                                            input outputs
   29 00000004         loop
   30 00000004 4912            LDR              R1, =GPIO_PORTE_DATA_R ; Load a
                                                            ddress for Port E d
                                                            ata register
   31 00000006 6808            LDR              R0, [R1]    ; Load contents of 
                                                            Port E data registe
                                                            r
   32 00000008 F000 0210       AND              R2, R0, #0x10 ; Mask PE4 and pu
                                                            t in R2
   33 0000000C F000 0308       AND              R3, R0, #0x08 ; Mask PE3 and pu
                                                            t in R3



ARM Macro Assembler    Page 2 


   34 00000010 EA4F 02A2       ASR              R2, #2      ; Shift right PE4 2
                                                             places
   35 00000014 EA4F 0363       ASR              R3, #1      ; Shift right PE3 1
                                                             place
   36 00000018 F082 02FF       EOR              R2, R2, #0xFF ; NOT PE4
   37 0000001C F083 03FF       EOR              R3, R3, #0xFF ; NOT PE3
   38 00000020 EA02 0203       AND              R2, R2, R3  ; AND values of PE4
                                                             and PE3
   39 00000024 600A            STR              R2, [R1]    ; Put the result ba
                                                            ck into the Port E 
                                                            data register
   40 00000026 E7ED            B                loop
   41 00000028         PortE_Init
   42 00000028 490A            LDR              R1, =SYSCTL_RCGCGPIO_R ; 1) Act
                                                            ivate clock for Por
                                                            t E
   43 0000002A 6808            LDR              R0, [R1]
   44 0000002C F040 0010       ORR              R0, R0, #0x0010 ; Set bit 4 to 
                                                            turn on the clock
   45 00000030 6008            STR              R0, [R1]
   46 00000032         
   47 00000032 BF00            NOP
   48 00000034 BF00            NOP                          ;allow time for clo
                                                            ck to finish
   49 00000036         
   50 00000036 4908            LDR              R1, =GPIO_PORTE_DIR_R ; 2) Set 
                                                            direction register
   51 00000038 F04F 0004       MOV              R0, #0x04   ; PE4 and PE3 are 0
                                                             for inputs and PE2
                                                             is 1 for output
   52 0000003C 6008            STR              R0, [R1]
   53 0000003E         
   54 0000003E 4907            LDR              R1, =GPIO_PORTE_AFSEL_R ; 3) Re
                                                            gular port function
                                                            
   55 00000040 F04F 0000       MOV              R0, #0x00   ; 0 means alternate
                                                             function disabled
   56 00000044 6008            STR              R0, [R1]
   57 00000046         
   58 00000046 4906            LDR              R1, =GPIO_PORTE_DEN_R ; 4) Enab
                                                            le Port E digital p
                                                            ort
   59 00000048 F04F 00FF       MOV              R0, #0xFF   ; 1 means enable di
                                                            gital I/O
   60 0000004C 6008            STR              R0, [R1]
   61 0000004E         
   62 0000004E 4770            BX               LR
   63 00000050         
   64 00000050                 ALIGN                        ; make sure the end
                                                             of this section is
                                                             aligned
   65 00000050                 END                          ; end of file
              400243FC 
              400FE608 
              40024400 
              40024420 
              4002451C 
Command Line: --debug --xref --cpu=Cortex-M4 --apcs=interwork --depend=.\main.d
 -o.\main.o -IC:\Keil\ARM\RV31\INC -IC:\Keil\ARM\CMSIS\Include -IC:\Keil\ARM\In



ARM Macro Assembler    Page 3 


c\Luminary --predefine="__EVAL SETA 1" --list=.\main.lst main.s



ARM Macro Assembler    Page 1 Alphabetic symbol ordering
Relocatable symbols

.text 00000000

Symbol: .text
   Definitions
      At line 24 in file main.s
   Uses
      None
Comment: .text unused
PortE_Init 00000028

Symbol: PortE_Init
   Definitions
      At line 41 in file main.s
   Uses
      At line 28 in file main.s
Comment: PortE_Init used once
Start 00000000

Symbol: Start
   Definitions
      At line 27 in file main.s
   Uses
      At line 26 in file main.s
Comment: Start used once
loop 00000004

Symbol: loop
   Definitions
      At line 29 in file main.s
   Uses
      At line 40 in file main.s
Comment: loop used once
4 symbols



ARM Macro Assembler    Page 1 Alphabetic symbol ordering
Absolute symbols

GPIO_PORTE_AFSEL_R 40024420

Symbol: GPIO_PORTE_AFSEL_R
   Definitions
      At line 18 in file main.s
   Uses
      At line 54 in file main.s
Comment: GPIO_PORTE_AFSEL_R used once
GPIO_PORTE_AMSEL_R 40024528

Symbol: GPIO_PORTE_AMSEL_R
   Definitions
      At line 20 in file main.s
   Uses
      None
Comment: GPIO_PORTE_AMSEL_R unused
GPIO_PORTE_DATA_R 400243FC

Symbol: GPIO_PORTE_DATA_R
   Definitions
      At line 16 in file main.s
   Uses
      At line 30 in file main.s
Comment: GPIO_PORTE_DATA_R used once
GPIO_PORTE_DEN_R 4002451C

Symbol: GPIO_PORTE_DEN_R
   Definitions
      At line 19 in file main.s
   Uses
      At line 58 in file main.s
Comment: GPIO_PORTE_DEN_R used once
GPIO_PORTE_DIR_R 40024400

Symbol: GPIO_PORTE_DIR_R
   Definitions
      At line 17 in file main.s
   Uses
      At line 50 in file main.s
Comment: GPIO_PORTE_DIR_R used once
GPIO_PORTE_PCTL_R 4002452C

Symbol: GPIO_PORTE_PCTL_R
   Definitions
      At line 21 in file main.s
   Uses
      None
Comment: GPIO_PORTE_PCTL_R unused
SYSCTL_RCGCGPIO_R 400FE608

Symbol: SYSCTL_RCGCGPIO_R
   Definitions
      At line 22 in file main.s
   Uses
      At line 42 in file main.s
Comment: SYSCTL_RCGCGPIO_R used once
7 symbols
344 symbols in table
