


ARM Macro Assembler    Page 1 


    1 00000000         ;****************** main.s ***************
    2 00000000         ; Program written by: put your names here
    3 00000000         ; Date Created: 1/24/2015 
    4 00000000         ; Last Modified: 1/24/2015 
    5 00000000         ; Section 1-2pm     TA: Wooseok Lee
    6 00000000         ; Lab number: 3
    7 00000000         ; Brief description of the program
    8 00000000         ;   If the switch is presses, the LED toggles at 8 Hz
    9 00000000         ; Hardware connections
   10 00000000         ;  PE0 is switch input  (1 means pressed, 0 means not pr
                       essed)
   11 00000000         ;  PE1 is LED output (1 activates external LED on protob
                       oard) 
   12 00000000         ;Overall functionality of this system is the similar to 
                       Lab 2, with five changes:
   13 00000000         ;1-  the pin to which we connect the switch is moved to 
                       PE0, 
   14 00000000         ;2-  you will have to remove the PUR initialization beca
                       use pull up is no longer needed. 
   15 00000000         ;3-  the pin to which we connect the LED is moved to PE1
                       , 
   16 00000000         ;4-  the switch is changed from negative to positive log
                       ic, and 
   17 00000000         ;5-  you should increase the delay so it flashes about 8
                        Hz.
   18 00000000         ; Operation
   19 00000000         ; 1) Make PE1 an output and make PE0 an input. 
   20 00000000         ; 2) The system starts with the LED on (make PE1 =1). 
   21 00000000         ;   3) Wait about 62 ms
   22 00000000         ;   4) If the switch is pressed (PE0 is 1), then toggle 
                       the LED once, else turn the LED on. 
   23 00000000         ;   5) Steps 3 and 4 are repeated over and over
   24 00000000         
   25 00000000         
   26 00000000 400243FC 
                       GPIO_PORTE_DATA_R
                               EQU              0x400243FC
   27 00000000 40024400 
                       GPIO_PORTE_DIR_R
                               EQU              0x40024400
   28 00000000 40024420 
                       GPIO_PORTE_AFSEL_R
                               EQU              0x40024420
   29 00000000 4002451C 
                       GPIO_PORTE_DEN_R
                               EQU              0x4002451C
   30 00000000 40024528 
                       GPIO_PORTE_AMSEL_R
                               EQU              0x40024528
   31 00000000 4002452C 
                       GPIO_PORTE_PCTL_R
                               EQU              0x4002452C
   32 00000000 400FE608 
                       SYSCTL_RCGCGPIO_R
                               EQU              0x400FE608
   33 00000000 000F3D40 
                       TIME_DELAY
                               EQU              0x000F3D40
   34 00000000         



ARM Macro Assembler    Page 2 


   35 00000000                 IMPORT           TExaS_Init
   36 00000000                 AREA             |.text|, CODE, READONLY, ALIGN=
2
   37 00000000                 THUMB
   38 00000000                 EXPORT           Start
   39 00000000         Start
   40 00000000         ; TExaS_Init sets bus clock at 80 MHz
   41 00000000 F7FF FFFE       BL               TExaS_Init  ; voltmeter, scope 
                                                            on PD3
   42 00000004         ; you initialize PE1 PE0
   43 00000004 F000 F81A       BL               PortE_Init  ;subroutine that in
                                                            itializes port E
   44 00000008         
   45 00000008 491D            LDR              R1, =GPIO_PORTE_DATA_R ;turn on
                                                             led via PE1
   46 0000000A 6808            LDR              R0, [R1]
   47 0000000C F040 0002       ORR              R0, R0, #0x02
   48 00000010 6008            STR              R0, [R1]
   49 00000012         
   50 00000012 B662            CPSIE            I           ; TExaS voltmeter, 
                                                            scope runs on inter
                                                            rupts
   51 00000014         
   52 00000014         loop
   53 00000014 F000 F82D       BL               Delay       ;go to delay subrou
                                                            tine
   54 00000018         
   55 00000018         
   56 00000018 4919            LDR              R1, =GPIO_PORTE_DATA_R ;the fol
                                                            lowing steps compar
                                                            e PE0 to zero
   57 0000001A 6808            LDR              R0, [R1]
   58 0000001C F000 0201       AND              R2, R0, #0x01 ;mask data regist
                                                            er to obtain value 
                                                            of PE0
   59 00000020 2A01            CMP              R2, #0x01   ;compare PE0 to zer
                                                            o
   60 00000022 D105            BNE              TON         ;if not equal to ze
                                                            ro then go to TON (
                                                            turn on subroutine)
                                                            , this means switch
                                                             is not pressed 
   61 00000024         
   62 00000024 4916            LDR              R1, =GPIO_PORTE_DATA_R ;the fol
                                                            lowing steps will t
                                                            urn off the LED via
                                                             PE1
   63 00000026 6808            LDR              R0, [R1]
   64 00000028 F080 0002       EOR              R0, R0, #0x02 ;the exclusive or
                                                             will make the LED 
                                                            turn off since 1EOR
                                                            1 = 0 
   65 0000002C 6008            STR              R0, [R1]    ;store the PE1 modi
                                                            fication back to th
                                                            e data register
   66 0000002E E004            B                DONE
   67 00000030         
   68 00000030         TON                                  ;the section toggle
                                                            s led via PE1 bit b



ARM Macro Assembler    Page 3 


                                                            eing flipped
   69 00000030 4913            LDR              R1, =GPIO_PORTE_DATA_R
   70 00000032 6808            LDR              R0, [R1]
   71 00000034 F040 0002       ORR              R0, #0x02
   72 00000038 6008            STR              R0, [R1]
   73 0000003A         
   74 0000003A         DONE
   75 0000003A E7EB            B                loop
   76 0000003C         
   77 0000003C         PortE_Init
   78 0000003C 4911            LDR              R1, =SYSCTL_RCGCGPIO_R 
                                                            ;activate clock
   79 0000003E 6808            LDR              R0, [R1]
   80 00000040 F040 0010       ORR              R0, R0, #0x0010
   81 00000044 6008            STR              R0, [R1]
   82 00000046         
   83 00000046 BF00            NOP
   84 00000048 BF00            NOP
   85 0000004A BF00            NOP
   86 0000004C BF00            NOP                          ;delay to allow tim
                                                            e for clock to acti
                                                            vate
   87 0000004E         
   88 0000004E 490E            LDR              R1, =GPIO_PORTE_DIR_R ;the subr
                                                            outine that turns o
                                                            n the led via PE0 
   89 00000050 6808            LDR              R0, [R1]
   90 00000052 F040 0002       ORR              R0, R0, #0x02
   91 00000056 F020 0001       BIC              R0, #0x01
   92 0000005A 6008            STR              R0, [R1]
   93 0000005C         
   94 0000005C 490B            LDR              R1, =GPIO_PORTE_AFSEL_R ;turn o
                                                            ff alternate functi
                                                            on for bits PE0 and
                                                             PE1
   95 0000005E 6808            LDR              R0, [R1]
   96 00000060 F020 0003       BIC              R0, R0, #0x03
   97 00000064 6008            STR              R0, [R1]
   98 00000066         
   99 00000066 490A            LDR              R1, =GPIO_PORTE_DEN_R ;digital 
                                                            enable on PE0 and P
                                                            E1 bits 
  100 00000068 6808            LDR              R0, [R1]
  101 0000006A F040 0003       ORR              R0, R0, #0x03
  102 0000006E 6008            STR              R0, [R1]
  103 00000070         
  104 00000070 4770            BX               LR
  105 00000072         
  106 00000072         Delay
  107 00000072 4808            LDR              R0, =TIME_DELAY ;move the numbe
                                                            r 200000 into R0 
  108 00000074         Decrement
  109 00000074 F100 30FF       ADD              R0, R0, #-1 ;decrement by 1 
  110 00000078 2800            CMP              R0, #0x00   ;compare to 0
  111 0000007A D1FB            BNE              Decrement   ;if not equal to ze
                                                            ro keep decrementin
                                                            g
  112 0000007C 4770            BX               LR
  113 0000007E         



ARM Macro Assembler    Page 4 


  114 0000007E         
  115 0000007E         
  116 0000007E         
  117 0000007E         
  118 0000007E 00 00           ALIGN                        ; make sure the end
                                                             of this section is
                                                             aligned
  119 00000080                 END                          ; end of file
              400243FC 
              400FE608 
              40024400 
              40024420 
              4002451C 
              000F3D40 
Command Line: --debug --xref --cpu=Cortex-M4 --apcs=interwork --depend=.\main.d
 -o.\main.o -IC:\Keil\ARM\RV31\INC -IC:\Keil\ARM\CMSIS\Include -IC:\Keil\ARM\In
c\Luminary --predefine="__EVAL SETA 1" --list=.\main.lst main.s



ARM Macro Assembler    Page 1 Alphabetic symbol ordering
Relocatable symbols

.text 00000000

Symbol: .text
   Definitions
      At line 36 in file main.s
   Uses
      None
Comment: .text unused
DONE 0000003A

Symbol: DONE
   Definitions
      At line 74 in file main.s
   Uses
      At line 66 in file main.s
Comment: DONE used once
Decrement 00000074

Symbol: Decrement
   Definitions
      At line 108 in file main.s
   Uses
      At line 111 in file main.s
Comment: Decrement used once
Delay 00000072

Symbol: Delay
   Definitions
      At line 106 in file main.s
   Uses
      At line 53 in file main.s
Comment: Delay used once
PortE_Init 0000003C

Symbol: PortE_Init
   Definitions
      At line 77 in file main.s
   Uses
      At line 43 in file main.s
Comment: PortE_Init used once
Start 00000000

Symbol: Start
   Definitions
      At line 39 in file main.s
   Uses
      At line 38 in file main.s
Comment: Start used once
TON 00000030

Symbol: TON
   Definitions
      At line 68 in file main.s
   Uses
      At line 60 in file main.s
Comment: TON used once
loop 00000014

Symbol: loop



ARM Macro Assembler    Page 2 Alphabetic symbol ordering
Relocatable symbols

   Definitions
      At line 52 in file main.s
   Uses
      At line 75 in file main.s
Comment: loop used once
8 symbols



ARM Macro Assembler    Page 1 Alphabetic symbol ordering
Absolute symbols

GPIO_PORTE_AFSEL_R 40024420

Symbol: GPIO_PORTE_AFSEL_R
   Definitions
      At line 28 in file main.s
   Uses
      At line 94 in file main.s
Comment: GPIO_PORTE_AFSEL_R used once
GPIO_PORTE_AMSEL_R 40024528

Symbol: GPIO_PORTE_AMSEL_R
   Definitions
      At line 30 in file main.s
   Uses
      None
Comment: GPIO_PORTE_AMSEL_R unused
GPIO_PORTE_DATA_R 400243FC

Symbol: GPIO_PORTE_DATA_R
   Definitions
      At line 26 in file main.s
   Uses
      At line 45 in file main.s
      At line 56 in file main.s
      At line 62 in file main.s
      At line 69 in file main.s

GPIO_PORTE_DEN_R 4002451C

Symbol: GPIO_PORTE_DEN_R
   Definitions
      At line 29 in file main.s
   Uses
      At line 99 in file main.s
Comment: GPIO_PORTE_DEN_R used once
GPIO_PORTE_DIR_R 40024400

Symbol: GPIO_PORTE_DIR_R
   Definitions
      At line 27 in file main.s
   Uses
      At line 88 in file main.s
Comment: GPIO_PORTE_DIR_R used once
GPIO_PORTE_PCTL_R 4002452C

Symbol: GPIO_PORTE_PCTL_R
   Definitions
      At line 31 in file main.s
   Uses
      None
Comment: GPIO_PORTE_PCTL_R unused
SYSCTL_RCGCGPIO_R 400FE608

Symbol: SYSCTL_RCGCGPIO_R
   Definitions
      At line 32 in file main.s
   Uses
      At line 78 in file main.s
Comment: SYSCTL_RCGCGPIO_R used once



ARM Macro Assembler    Page 2 Alphabetic symbol ordering
Absolute symbols

TIME_DELAY 000F3D40

Symbol: TIME_DELAY
   Definitions
      At line 33 in file main.s
   Uses
      At line 107 in file main.s
Comment: TIME_DELAY used once
8 symbols



ARM Macro Assembler    Page 1 Alphabetic symbol ordering
External symbols

TExaS_Init 00000000

Symbol: TExaS_Init
   Definitions
      At line 35 in file main.s
   Uses
      At line 41 in file main.s
Comment: TExaS_Init used once
1 symbol
350 symbols in table
